<?xml version="1.0" encoding="UTF-8"?>
<!-- Generated by org.testng.reporters.JUnitReportReporter -->
<testsuite hostname="LAPTOP-LHHKFES4" failures="0" tests="6" name="Selenium.Selenium_Project.Invocation_and_Enabled_Concept" time="0.008" errors="0" timestamp="2024-08-05T09:49:59 IST" skipped="1">
  <testcase classname="Selenium.Selenium_Project.Invocation_and_Enabled_Concept" name="add" time="0.001"/>
  <system-out/>
  <testcase classname="Selenium.Selenium_Project.Invocation_and_Enabled_Concept" name="add" time="0.001"/>
  <system-out/>
  <testcase classname="Selenium.Selenium_Project.Invocation_and_Enabled_Concept" name="add" time="0.000"/>
  <system-out/>
  <testcase classname="Selenium.Selenium_Project.Invocation_and_Enabled_Concept" name="add" time="0.006"/>
  <system-out/>
  <testcase classname="Selenium.Selenium_Project.Invocation_and_Enabled_Concept" name="add" time="0.000"/>
  <system-out/>
  <testcase classname="Selenium.Selenium_Project.Invocation_and_Enabled_Concept" name="sub">
    <skipped/>
  </testcase> <!-- sub -->
  <system-out/>
</testsuite> <!-- Selenium.Selenium_Project.Invocation_and_Enabled_Concept -->
