<?xml version="1.0" encoding="UTF-8"?>
<!-- Generated by org.testng.reporters.JUnitReportReporter -->
<testsuite hostname="LAPTOP-LHHKFES4" failures="0" tests="10" name="DataProvider_Two_Dimmensional.Search_In_Google" time="74.000" errors="0" timestamp="2024-08-08T20:26:00 IST" skipped="0">
  <testcase classname="DataProvider_Two_Dimmensional.Search_In_Google" name="testcase1" time="7.220"/>
  <system-out/>
  <testcase classname="DataProvider_Two_Dimmensional.Search_In_Google" name="testcase1" time="7.493"/>
  <system-out/>
  <testcase classname="DataProvider_Two_Dimmensional.Search_In_Google" name="testcase1" time="7.083"/>
  <system-out/>
  <testcase classname="DataProvider_Two_Dimmensional.Search_In_Google" name="testcase1" time="6.645"/>
  <system-out/>
  <testcase classname="DataProvider_Two_Dimmensional.Search_In_Google" name="testcase1" time="6.339"/>
  <system-out/>
  <testcase classname="DataProvider_Two_Dimmensional.Search_In_Google" name="testcase1" time="6.270"/>
  <system-out/>
  <testcase classname="DataProvider_Two_Dimmensional.Search_In_Google" name="testcase1" time="6.700"/>
  <system-out/>
  <testcase classname="DataProvider_Two_Dimmensional.Search_In_Google" name="testcase1" time="5.556"/>
  <system-out/>
  <testcase classname="DataProvider_Two_Dimmensional.Search_In_Google" name="testcase1" time="7.743"/>
  <system-out/>
  <testcase classname="DataProvider_Two_Dimmensional.Search_In_Google" name="testcase1" time="12.951"/>
  <system-out/>
</testsuite> <!-- DataProvider_Two_Dimmensional.Search_In_Google -->
