<?xml version="1.0" encoding="UTF-8"?>
<!-- Generated by org.testng.reporters.JUnitReportReporter -->
<testsuite hostname="LAPTOP-LHHKFES4" failures="0" tests="2" name="Before_After_Method_Concept.Test_Casees" time="24.346" errors="0" timestamp="2024-08-05T11:14:07 IST" skipped="0">
  <testcase classname="Before_After_Method_Concept.Test_Casees" name="shoes" time="8.872"/>
  <system-out/>
  <testcase classname="Before_After_Method_Concept.Test_Casees" name="mobile" time="15.474"/>
  <system-out/>
</testsuite> <!-- Before_After_Method_Concept.Test_Casees -->
