<?xml version="1.0" encoding="UTF-8"?>
<!-- Generated by org.testng.reporters.JUnitReportReporter -->
<testsuite hostname="LAPTOP-LHHKFES4" failures="0" tests="4" name="DataProvider_Two_Dimmensional.String_Value" time="0.009" errors="0" timestamp="2024-08-08T20:14:59 IST" skipped="0">
  <testcase classname="DataProvider_Two_Dimmensional.String_Value" name="testcase1" time="0.002"/>
  <system-out>
    <![CDATA[The vales area Mother]]>
  </system-out>
  <testcase classname="DataProvider_Two_Dimmensional.String_Value" name="testcase1" time="0.005"/>
  <system-out>
    <![CDATA[The vales area Rajan]]>
  </system-out>
  <testcase classname="DataProvider_Two_Dimmensional.String_Value" name="testcase1" time="0.001"/>
  <system-out>
    <![CDATA[The vales area Father]]>
  </system-out>
  <testcase classname="DataProvider_Two_Dimmensional.String_Value" name="testcase1" time="0.001"/>
  <system-out>
    <![CDATA[The vales area Sethi]]>
  </system-out>
</testsuite> <!-- DataProvider_Two_Dimmensional.String_Value -->
