<?xml version="1.0" encoding="UTF-8"?>
<!-- Generated by org.testng.reporters.JUnitReportReporter -->
<testsuite hostname="LAPTOP-LHHKFES4" failures="0" tests="4" name="Group_The_TestCases.Testcase_one" time="0.012" errors="0" timestamp="2024-08-16T08:50:22 IST" skipped="0">
  <testcase classname="Group_The_TestCases.Testcase_one" name="testcaseone" time="0.001"/>
  <system-out/>
  <testcase classname="Group_The_TestCases.Testcase_one" name="testcasetwo" time="0.000"/>
  <system-out/>
  <testcase classname="Group_The_TestCases.Testcase_one" name="testcasefive" time="0.010"/>
  <system-out/>
  <testcase classname="Group_The_TestCases.Testcase_one" name="testcasesix" time="0.001"/>
  <system-out/>
</testsuite> <!-- Group_The_TestCases.Testcase_one -->
