<?xml version="1.0" encoding="UTF-8"?>
<!-- Generated by org.testng.reporters.JUnitReportReporter -->
<testsuite hostname="LAPTOP-LHHKFES4" failures="0" tests="1" name="Amazon_Test.Testcase2" time="11.398" errors="0" timestamp="2024-08-29T18:07:44 IST" skipped="0">
  <testcase classname="Amazon_Test.Testcase2" name="seraching_the_product" time="11.398"/>
  <system-out/>
</testsuite> <!-- Amazon_Test.Testcase2 -->
