<?xml version="1.0" encoding="UTF-8"?>
<!-- Generated by org.testng.reporters.JUnitReportReporter -->
<testsuite hostname="LAPTOP-LHHKFES4" failures="0" tests="1" name="Exam.Program_two" time="20.512" errors="0" timestamp="2024-08-15T11:39:24 IST" skipped="0">
  <testcase classname="Exam.Program_two" name="method_one" time="20.512"/>
  <system-out/>
</testsuite> <!-- Exam.Program_two -->
