<?xml version="1.0" encoding="UTF-8"?>
<!-- Generated by org.testng.reporters.JUnitReportReporter -->
<testsuite hostname="LAPTOP-LHHKFES4" failures="0" tests="3" name="Cross_Browser_Testing.Program_one" time="22.213" errors="0" timestamp="2024-08-06T20:32:27 IST" skipped="0">
  <testcase classname="Cross_Browser_Testing.Program_one" name="Testcase1" time="6.014"/>
  <system-out/>
  <testcase classname="Cross_Browser_Testing.Program_one" name="Testcase1" time="6.034"/>
  <system-out/>
  <testcase classname="Cross_Browser_Testing.Program_one" name="Testcase1" time="10.165"/>
  <system-out/>
</testsuite> <!-- Cross_Browser_Testing.Program_one -->
