<?xml version="1.0" encoding="UTF-8"?>
<!-- Generated by org.testng.reporters.JUnitReportReporter -->
<testsuite hostname="LAPTOP-LHHKFES4" failures="0" tests="1" name="Fb_Test.Testcase_searchbutton" time="10.498" errors="0" timestamp="2024-08-22T18:07:07 IST" skipped="0">
  <testcase classname="Fb_Test.Testcase_searchbutton" name="search" time="10.498"/>
  <system-out/>
</testsuite> <!-- Fb_Test.Testcase_searchbutton -->
