<?xml version="1.0" encoding="UTF-8"?>
<!-- Generated by org.testng.reporters.JUnitReportReporter -->
<testsuite hostname="LAPTOP-LHHKFES4" failures="0" tests="1" name="Selenium.Selenium_Project.All_Annotaion_In_Single_Program" time="0.004" errors="0" timestamp="2024-08-06T17:57:23 IST" skipped="0">
  <testcase classname="Selenium.Selenium_Project.All_Annotaion_In_Single_Program" name="five" time="0.004"/>
  <system-out/>
</testsuite> <!-- Selenium.Selenium_Project.All_Annotaion_In_Single_Program -->
