<?xml version="1.0" encoding="UTF-8"?>
<!-- Generated by org.testng.reporters.JUnitReportReporter -->
<testsuite hostname="LAPTOP-LHHKFES4" failures="0" tests="1" name="ItestListener.TestCase1" time="15.384" errors="0" timestamp="2024-08-19T10:53:03 IST" skipped="0">
  <testcase classname="ItestListener.TestCase1" name="amazon_Launch" time="15.384"/>
  <system-out>
    <![CDATA[Test case Is pass]]>
  </system-out>
</testsuite> <!-- ItestListener.TestCase1 -->
