<?xml version="1.0" encoding="UTF-8"?>
<!-- Generated by org.testng.reporters.JUnitReportReporter -->
<testsuite hostname="LAPTOP-LHHKFES4" failures="0" tests="2" name="Data_Provider_Multi_Dimmensional.Username_passsword_Example" time="7.010" errors="0" timestamp="2024-08-25T01:09:18 IST" skipped="0">
  <testcase classname="Data_Provider_Multi_Dimmensional.Username_passsword_Example" name="testcase1" time="2.709"/>
  <system-out/>
  <testcase classname="Data_Provider_Multi_Dimmensional.Username_passsword_Example" name="testcase1" time="4.301"/>
  <system-out/>
</testsuite> <!-- Data_Provider_Multi_Dimmensional.Username_passsword_Example -->
