<?xml version="1.0" encoding="UTF-8"?>
<!-- Generated by org.testng.reporters.JUnitReportReporter -->
<testsuite hostname="LAPTOP-LHHKFES4" failures="0" tests="1" name="Broken_Link_Concept.Broken_link_Mkt" time="92.594" errors="0" timestamp="2024-08-23T12:12:44 IST" skipped="0">
  <testcase classname="Broken_Link_Concept.Broken_link_Mkt" name="broken_link" time="92.594"/>
  <system-out/>
</testsuite> <!-- Broken_Link_Concept.Broken_link_Mkt -->
