<?xml version="1.0" encoding="UTF-8"?>
<!-- Generated by org.testng.reporters.JUnitReportReporter -->
<testsuite hostname="LAPTOP-LHHKFES4" failures="0" tests="3" name="Parallel_Browser_Testing.Program_one" time="29.200" errors="0" timestamp="2024-08-06T18:40:36 IST" skipped="0">
  <testcase classname="Parallel_Browser_Testing.Program_one" name="Testcase1" time="9.284"/>
  <system-out/>
  <testcase classname="Parallel_Browser_Testing.Program_one" name="Testcase1" time="10.214"/>
  <system-out/>
  <testcase classname="Parallel_Browser_Testing.Program_one" name="Testcase1" time="9.702"/>
  <system-out/>
</testsuite> <!-- Parallel_Browser_Testing.Program_one -->
