<?xml version="1.0" encoding="UTF-8"?>
<!-- Generated by org.testng.reporters.JUnitReportReporter -->
<testsuite hostname="LAPTOP-LHHKFES4" failures="0" tests="4" name="DataProvider_Two_Dimmensional.Integer_Value" time="0.009" errors="0" timestamp="2024-08-08T19:53:49 IST" skipped="0">
  <testcase classname="DataProvider_Two_Dimmensional.Integer_Value" name="testcase1" time="0.002"/>
  <system-out>
    <![CDATA[The data is 30]]>
  </system-out>
  <testcase classname="DataProvider_Two_Dimmensional.Integer_Value" name="testcase1" time="0.005"/>
  <system-out>
    <![CDATA[The data is 10]]>
  </system-out>
  <testcase classname="DataProvider_Two_Dimmensional.Integer_Value" name="testcase1" time="0.001"/>
  <system-out>
    <![CDATA[The data is 40]]>
  </system-out>
  <testcase classname="DataProvider_Two_Dimmensional.Integer_Value" name="testcase1" time="0.001"/>
  <system-out>
    <![CDATA[The data is 20]]>
  </system-out>
</testsuite> <!-- DataProvider_Two_Dimmensional.Integer_Value -->
