<?xml version="1.0" encoding="UTF-8"?>
<!-- Generated by org.testng.reporters.JUnitReportReporter -->
<testsuite hostname="LAPTOP-LHHKFES4" failures="0" tests="1" name="Assertion_Concept.Launch_Amazon_Login_Test" time="16.716" errors="0" timestamp="2024-08-12T18:47:31 IST" skipped="0">
  <testcase classname="Assertion_Concept.Launch_Amazon_Login_Test" name="testcase1" time="16.716"/>
  <system-out/>
</testsuite> <!-- Assertion_Concept.Launch_Amazon_Login_Test -->
