<?xml version="1.0" encoding="UTF-8"?>
<!-- Generated by org.testng.reporters.JUnitReportReporter -->
<testsuite hostname="LAPTOP-LHHKFES4" failures="0" tests="1" name="Assertion_Concept.Launch_Amazon" time="23.149" errors="0" timestamp="2024-08-11T18:57:44 IST" skipped="0">
  <testcase classname="Assertion_Concept.Launch_Amazon" name="testcase1" time="23.149"/>
  <system-out/>
</testsuite> <!-- Assertion_Concept.Launch_Amazon -->
