<?xml version="1.0" encoding="UTF-8"?>
<!-- Generated by org.testng.reporters.JUnitReportReporter -->
<testsuite hostname="LAPTOP-LHHKFES4" failures="0" tests="1" name="Assertion_Concept.Program_one" time="12.974" errors="0" timestamp="2024-08-11T18:29:15 IST" skipped="0">
  <testcase classname="Assertion_Concept.Program_one" name="testcase1" time="12.974"/>
  <system-out/>
</testsuite> <!-- Assertion_Concept.Program_one -->
