<?xml version="1.0" encoding="UTF-8"?>
<!-- Generated by org.testng.reporters.JUnitReportReporter -->
<testsuite hostname="LAPTOP-LHHKFES4" failures="0" tests="1" name="Before_After_Method_Concept.Test_case_2" time="8.437" errors="0" timestamp="2024-08-29T19:11:49 IST" skipped="0">
  <testcase classname="Before_After_Method_Concept.Test_case_2" name="mobile" time="8.437"/>
</testsuite> <!-- Before_After_Method_Concept.Test_case_2 -->
